<?xml version="1.0" encoding="UTF-8"?>
<!-- Generated by org.testng.reporters.JUnitReportReporter -->
<testsuite hostname="Laptop-465" failures="0" tests="4" name="qnodelogintestcases.Register" time="30.910" errors="0" timestamp="2023-12-07T16:15:27 IST" skipped="0">
  <testcase classname="qnodelogintestcases.Register" name="verifyRegisterWithMandatoryFields" time="6.925"/>
  <system-out/>
  <testcase classname="qnodelogintestcases.Register" name="verifyRegisterWithAllFields" time="7.321"/>
  <system-out/>
  <testcase classname="qnodelogintestcases.Register" name="verifyRegisterAccountWithExistingEmail" time="7.477"/>
  <system-out/>
  <testcase classname="qnodelogintestcases.Register" name="verifyRegisterAccountWithoutProvidingDetails" time="9.187"/>
  <system-out/>
</testsuite> <!-- qnodelogintestcases.Register -->
