<?xml version="1.0" encoding="UTF-8"?>
<!-- Generated by org.testng.reporters.JUnitReportReporter -->
<testsuite hostname="Laptop-465" failures="0" tests="4" name="qnodelogintestcases.RegisterTest" time="33.521" errors="0" timestamp="2023-12-14T16:10:12 IST" skipped="0">
  <testcase classname="qnodelogintestcases.RegisterTest" name="verifyRegisterWithMandatoryFields" time="7.535"/>
  <system-out/>
  <testcase classname="qnodelogintestcases.RegisterTest" name="verifyRegisterWithAllFields" time="8.286"/>
  <system-out/>
  <testcase classname="qnodelogintestcases.RegisterTest" name="verifyRegisterAccountWithExistingEmail" time="7.805"/>
  <system-out/>
  <testcase classname="qnodelogintestcases.RegisterTest" name="verifyRegisterAccountWithoutProvidingDetails" time="9.895"/>
  <system-out/>
</testsuite> <!-- qnodelogintestcases.RegisterTest -->
