<?xml version="1.0" encoding="UTF-8"?>
<!-- Generated by org.testng.reporters.JUnitReportReporter -->
<testsuite hostname="Laptop-465" failures="0" tests="4" name="qnodelogintestcases.Register" time="34.210" errors="0" timestamp="2023-11-20T16:39:34 IST" skipped="0">
  <testcase classname="qnodelogintestcases.Register" name="verifyRegisterWithMandatoryFields" time="7.774"/>
  <testcase classname="qnodelogintestcases.Register" name="verifyRegisterWithAllFields" time="8.890"/>
  <testcase classname="qnodelogintestcases.Register" name="verifyRegisterAccountWithExistingEmail" time="9.467"/>
  <testcase classname="qnodelogintestcases.Register" name="verifyRegisterAccountWithoutProvidingDetails" time="8.079"/>
</testsuite> <!-- qnodelogintestcases.Register -->
