<?xml version="1.0" encoding="UTF-8"?>
<!-- Generated by org.testng.reporters.JUnitReportReporter -->
<testsuite hostname="Laptop-465" failures="0" tests="4" name="qnodelogintestcases.Register" time="44.199" errors="0" timestamp="2023-11-18T12:00:45 IST" skipped="0">
  <testcase classname="qnodelogintestcases.Register" name="verifyRegisterWithMandatoryFields" time="11.217"/>
  <testcase classname="qnodelogintestcases.Register" name="verifyRegisterWithAllFields" time="11.039"/>
  <testcase classname="qnodelogintestcases.Register" name="verifyRegisterAccountWithExistingEmail" time="12.543"/>
  <testcase classname="qnodelogintestcases.Register" name="verifyRegisterAccountWithoutProvidingDetails" time="9.400"/>
</testsuite> <!-- qnodelogintestcases.Register -->
