<?xml version="1.0" encoding="UTF-8"?>
<!-- Generated by org.testng.reporters.JUnitReportReporter -->
<testsuite hostname="Laptop-465" failures="0" tests="2" name="qnodelogintestcases.Login" time="18.730" errors="0" timestamp="2023-11-20T16:31:13 IST" skipped="0">
  <testcase classname="qnodelogintestcases.Login" name="verifyLoginWithValidCredentials" time="8.186"/>
  <testcase classname="qnodelogintestcases.Login" name="verifyLoginWithValidCredentials" time="10.544"/>
</testsuite> <!-- qnodelogintestcases.Login -->
