<?xml version="1.0" encoding="UTF-8"?>
<!-- Generated by org.testng.reporters.JUnitReportReporter -->
<testsuite hostname="Laptop-465" failures="0" tests="4" name="qnodelogintestcases.RegisterTest" time="26.557" errors="0" timestamp="2023-12-07T16:45:45 IST" skipped="0">
  <testcase classname="qnodelogintestcases.RegisterTest" name="verifyRegisterWithMandatoryFields" time="6.404"/>
  <testcase classname="qnodelogintestcases.RegisterTest" name="verifyRegisterWithAllFields" time="6.453"/>
  <testcase classname="qnodelogintestcases.RegisterTest" name="verifyRegisterAccountWithExistingEmail" time="6.449"/>
  <testcase classname="qnodelogintestcases.RegisterTest" name="verifyRegisterAccountWithoutProvidingDetails" time="7.251"/>
</testsuite> <!-- qnodelogintestcases.RegisterTest -->
